# JRE version: Java(TM) SE Runtime Environment (7.0_71-b14) (build 1.7.0_71-b14)
# Java VM: Java HotSpot(TM) Client VM (24.71-b01 mixed mode, sharing windows-x86 )
Heap
 def new generation   total 78656K, used 75535K [0x27200000, 0x2c750000, 0x2c750000)
  eden space 69952K, 100% used [0x27200000, 0x2b650000, 0x2b650000)
  from space 8704K,  64% used [0x2bed0000, 0x2c443ea8, 0x2c750000)
  to   space 8704K,   0% used [0x2b650000, 0x2b650000, 0x2bed0000)
 tenured generation   total 174784K, used 173676K [0x2c750000, 0x37200000, 0x37200000)
   the space 174784K,  99% used [0x2c750000, 0x370eb3b8, 0x2d1cd000, 0x37200000)
 compacting perm gen  total 12288K, used 3210K [0x37200000, 0x37e00000, 0x3b200000)
   the space 12288K,  26% used [0x37200000, 0x37522980, 0x37522a00, 0x37e00000)
    ro space 10240K,  42% used [0x3b200000, 0x3b634e48, 0x3b635000, 0x3bc00000)
    rw space 12288K,  51% used [0x3bc00000, 0x3c23aac0, 0x3c23ac00, 0x3c800000)
GC Heap History (10 events):
Event: 497.536 GC heap after
Heap after GC invocations=526 (full 8):
 def new generation   total 78656K, used 4160K [0x27200000, 0x2c750000, 0x2c750000)
  eden space 69952K,   0% used [0x27200000, 0x27200000, 0x2b650000)
  from space 8704K,  47% used [0x2bed0000, 0x2c2e0288, 0x2c750000)
  to   space 8704K,   0% used [0x2b650000, 0x2b650000, 0x2bed0000)
 tenured generation   total 174784K, used 172378K [0x2c750000, 0x37200000, 0x37200000)
   the space 174784K,  98% used [0x2c750000, 0x36fa6960, 0x36fa6a00, 0x37200000)
 compacting perm gen  total 12288K, used 3210K [0x37200000, 0x37e00000, 0x3b200000)
   the space 12288K,  26% used [0x37200000, 0x37522980, 0x37522a00, 0x37e00000)
    ro space 10240K,  42% used [0x3b200000, 0x3b634e48, 0x3b635000, 0x3bc00000)
    rw space 12288K,  51% used [0x3bc00000, 0x3c23aac0, 0x3c23ac00, 0x3c800000)
}
Event: 510.083 GC heap before
{Heap before GC invocations=526 (full 8):
 def new generation   total 78656K, used 74112K [0x27200000, 0x2c750000, 0x2c750000)
  eden space 69952K, 100% used [0x27200000, 0x2b650000, 0x2b650000)
  from space 8704K,  47% used [0x2bed0000, 0x2c2e0288, 0x2c750000)
  to   space 8704K,   0% used [0x2b650000, 0x2b650000, 0x2bed0000)
 tenured generation   total 174784K, used 172378K [0x2c750000, 0x37200000, 0x37200000)
   the space 174784K,  98% used [0x2c750000, 0x36fa6960, 0x36fa6a00, 0x37200000)
 compacting perm gen  total 12288K, used 3210K [0x37200000, 0x37e00000, 0x3b200000)
   the space 12288K,  26% used [0x37200000, 0x37522980, 0x37522a00, 0x37e00000)
    ro space 10240K,  42% used [0x3b200000, 0x3b634e48, 0x3b635000, 0x3bc00000)
    rw space 12288K,  51% used [0x3bc00000, 0x3c23aac0, 0x3c23ac00, 0x3c800000)
Event: 510.113 GC heap after
Heap after GC invocations=527 (full 8):
 def new generation   total 78656K, used 4234K [0x27200000, 0x2c750000, 0x2c750000)
  eden space 69952K,   0% used [0x27200000, 0x27200000, 0x2b650000)
  from space 8704K,  48% used [0x2b650000, 0x2ba72af8, 0x2bed0000)
  to   space 8704K,   0% used [0x2bed0000, 0x2bed0000, 0x2c750000)
 tenured generation   total 174784K, used 172378K [0x2c750000, 0x37200000, 0x37200000)
   the space 174784K,  98% used [0x2c750000, 0x36fa6960, 0x36fa6a00, 0x37200000)
 compacting perm gen  total 12288K, used 3210K [0x37200000, 0x37e00000, 0x3b200000)
   the space 12288K,  26% used [0x37200000, 0x37522980, 0x37522a00, 0x37e00000)
    ro space 10240K,  42% used [0x3b200000, 0x3b634e48, 0x3b635000, 0x3bc00000)
    rw space 12288K,  51% used [0x3bc00000, 0x3c23aac0, 0x3c23ac00, 0x3c800000)
}
Event: 522.534 GC heap before
{Heap before GC invocations=527 (full 8):
 def new generation   total 78656K, used 74186K [0x27200000, 0x2c750000, 0x2c750000)
  eden space 69952K, 100% used [0x27200000, 0x2b650000, 0x2b650000)
  from space 8704K,  48% used [0x2b650000, 0x2ba72af8, 0x2bed0000)
  to   space 8704K,   0% used [0x2bed0000, 0x2bed0000, 0x2c750000)
 tenured generation   total 174784K, used 172378K [0x2c750000, 0x37200000, 0x37200000)
   the space 174784K,  98% used [0x2c750000, 0x36fa6960, 0x36fa6a00, 0x37200000)
 compacting perm gen  total 12288K, used 3210K [0x37200000, 0x37e00000, 0x3b200000)
   the space 12288K,  26% used [0x37200000, 0x37522980, 0x37522a00, 0x37e00000)
    ro space 10240K,  42% used [0x3b200000, 0x3b634e48, 0x3b635000, 0x3bc00000)
    rw space 12288K,  51% used [0x3bc00000, 0x3c23aac0, 0x3c23ac00, 0x3c800000)
Event: 522.569 GC heap after
Heap after GC invocations=528 (full 8):
 def new generation   total 78656K, used 4320K [0x27200000, 0x2c750000, 0x2c750000)
  eden space 69952K,   0% used [0x27200000, 0x27200000, 0x2b650000)
  from space 8704K,  49% used [0x2bed0000, 0x2c308258, 0x2c750000)
  to   space 8704K,   0% used [0x2b650000, 0x2b650000, 0x2bed0000)
 tenured generation   total 174784K, used 172378K [0x2c750000, 0x37200000, 0x37200000)
   the space 174784K,  98% used [0x2c750000, 0x36fa6960, 0x36fa6a00, 0x37200000)
 compacting perm gen  total 12288K, used 3210K [0x37200000, 0x37e00000, 0x3b200000)
   the space 12288K,  26% used [0x37200000, 0x37522980, 0x37522a00, 0x37e00000)
    ro space 10240K,  42% used [0x3b200000, 0x3b634e48, 0x3b635000, 0x3bc00000)
    rw space 12288K,  51% used [0x3bc00000, 0x3c23aac0, 0x3c23ac00, 0x3c800000)
}
Event: 544.049 GC heap before
{Heap before GC invocations=528 (full 8):
 def new generation   total 78656K, used 74272K [0x27200000, 0x2c750000, 0x2c750000)
  eden space 69952K, 100% used [0x27200000, 0x2b650000, 0x2b650000)
  from space 8704K,  49% used [0x2bed0000, 0x2c308258, 0x2c750000)
  to   space 8704K,   0% used [0x2b650000, 0x2b650000, 0x2bed0000)
 tenured generation   total 174784K, used 172378K [0x2c750000, 0x37200000, 0x37200000)
   the space 174784K,  98% used [0x2c750000, 0x36fa6960, 0x36fa6a00, 0x37200000)
 compacting perm gen  total 12288K, used 3210K [0x37200000, 0x37e00000, 0x3b200000)
   the space 12288K,  26% used [0x37200000, 0x37522980, 0x37522a00, 0x37e00000)
    ro space 10240K,  42% used [0x3b200000, 0x3b634e48, 0x3b635000, 0x3bc00000)
    rw space 12288K,  51% used [0x3bc00000, 0x3c23aac0, 0x3c23ac00, 0x3c800000)
Event: 544.083 GC heap after
Heap after GC invocations=529 (full 8):
 def new generation   total 78656K, used 5303K [0x27200000, 0x2c750000, 0x2c750000)
  eden space 69952K,   0% used [0x27200000, 0x27200000, 0x2b650000)
  from space 8704K,  60% used [0x2b650000, 0x2bb7dc28, 0x2bed0000)
  to   space 8704K,   0% used [0x2bed0000, 0x2bed0000, 0x2c750000)
 tenured generation   total 174784K, used 172378K [0x2c750000, 0x37200000, 0x37200000)
   the space 174784K,  98% used [0x2c750000, 0x36fa6960, 0x36fa6a00, 0x37200000)
 compacting perm gen  total 12288K, used 3210K [0x37200000, 0x37e00000, 0x3b200000)
   the space 12288K,  26% used [0x37200000, 0x37522980, 0x37522a00, 0x37e00000)
    ro space 10240K,  42% used [0x3b200000, 0x3b634e48, 0x3b635000, 0x3bc00000)
    rw space 12288K,  51% used [0x3bc00000, 0x3c23aac0, 0x3c23ac00, 0x3c800000)
}
Event: 545.036 GC heap before
{Heap before GC invocations=529 (full 8):
 def new generation   total 78656K, used 75255K [0x27200000, 0x2c750000, 0x2c750000)
  eden space 69952K, 100% used [0x27200000, 0x2b650000, 0x2b650000)
  from space 8704K,  60% used [0x2b650000, 0x2bb7dc28, 0x2bed0000)
  to   space 8704K,   0% used [0x2bed0000, 0x2bed0000, 0x2c750000)
 tenured generation   total 174784K, used 172378K [0x2c750000, 0x37200000, 0x37200000)
   the space 174784K,  98% used [0x2c750000, 0x36fa6960, 0x36fa6a00, 0x37200000)
 compacting perm gen  total 12288K, used 3210K [0x37200000, 0x37e00000, 0x3b200000)
   the space 12288K,  26% used [0x37200000, 0x37522980, 0x37522a00, 0x37e00000)
    ro space 10240K,  42% used [0x3b200000, 0x3b634e48, 0x3b635000, 0x3bc00000)
    rw space 12288K,  51% used [0x3bc00000, 0x3c23aac0, 0x3c23ac00, 0x3c800000)
Event: 545.084 GC heap after
Heap after GC invocations=530 (full 8):
 def new generation   total 78656K, used 5583K [0x27200000, 0x2c750000, 0x2c750000)
  eden space 69952K,   0% used [0x27200000, 0x27200000, 0x2b650000)
  from space 8704K,  64% used [0x2bed0000, 0x2c443ea8, 0x2c750000)
  to   space 8704K,   0% used [0x2b650000, 0x2b650000, 0x2bed0000)
 tenured generation   total 174784K, used 173676K [0x2c750000, 0x37200000, 0x37200000)
   the space 174784K,  99% used [0x2c750000, 0x370eb3b8, 0x370eb400, 0x37200000)
 compacting perm gen  total 12288K, used 3210K [0x37200000, 0x37e00000, 0x3b200000)
   the space 12288K,  26% used [0x37200000, 0x37522980, 0x37522a00, 0x37e00000)
    ro space 10240K,  42% used [0x3b200000, 0x3b634e48, 0x3b635000, 0x3bc00000)
    rw space 12288K,  51% used [0x3bc00000, 0x3c23aac0, 0x3c23ac00, 0x3c800000)
}
Event: 546.052 GC heap before
{Heap before GC invocations=530 (full 8):
 def new generation   total 78656K, used 75535K [0x27200000, 0x2c750000, 0x2c750000)
  eden space 69952K, 100% used [0x27200000, 0x2b650000, 0x2b650000)
  from space 8704K,  64% used [0x2bed0000, 0x2c443ea8, 0x2c750000)
  to   space 8704K,   0% used [0x2b650000, 0x2b650000, 0x2bed0000)
 tenured generation   total 174784K, used 173676K [0x2c750000, 0x37200000, 0x37200000)
   the space 174784K,  99% used [0x2c750000, 0x370eb3b8, 0x370eb400, 0x37200000)
 compacting perm gen  total 12288K, used 3210K [0x37200000, 0x37e00000, 0x3b200000)
   the space 12288K,  26% used [0x37200000, 0x37522980, 0x37522a00, 0x37e00000)
    ro space 10240K,  42% used [0x3b200000, 0x3b634e48, 0x3b635000, 0x3bc00000)
    rw space 12288K,  51% used [0x3bc00000, 0x3c23aac0, 0x3c23ac00, 0x3c800000)

