# JRE version: Java(TM) SE Runtime Environment (7.0_71-b14) (build 1.7.0_71-b14)
# Java VM: Java HotSpot(TM) Client VM (24.71-b01 mixed mode, sharing windows-x86 )
Heap
 def new generation   total 78656K, used 78655K [0x27200000, 0x2c750000, 0x2c750000)
  eden space 69952K, 100% used [0x27200000, 0x2b650000, 0x2b650000)
  from space 8704K,  99% used [0x2b650000, 0x2becff08, 0x2bed0000)
  to   space 8704K,   0% used [0x2bed0000, 0x2bed0000, 0x2c750000)
 tenured generation   total 174784K, used 174783K [0x2c750000, 0x37200000, 0x37200000)
   the space 174784K,  99% used [0x2c750000, 0x371fffe0, 0x32ed2200, 0x37200000)
 compacting perm gen  total 12288K, used 3144K [0x37200000, 0x37e00000, 0x3b200000)
   the space 12288K,  25% used [0x37200000, 0x375122c8, 0x37512400, 0x37e00000)
    ro space 10240K,  42% used [0x3b200000, 0x3b634e48, 0x3b635000, 0x3bc00000)
    rw space 12288K,  51% used [0x3bc00000, 0x3c23aac0, 0x3c23ac00, 0x3c800000)
GC Heap History (10 events):
Event: 669.671 GC heap after
Heap after GC invocations=388 (full 44):
 def new generation   total 78656K, used 35805K [0x27200000, 0x2c750000, 0x2c750000)
  eden space 69952K,  51% used [0x27200000, 0x294f76e8, 0x2b650000)
  from space 8704K,   0% used [0x2b650000, 0x2b650000, 0x2bed0000)
  to   space 8704K,   0% used [0x2bed0000, 0x2bed0000, 0x2c750000)
 tenured generation   total 174784K, used 174780K [0x2c750000, 0x37200000, 0x37200000)
   the space 174784K,  99% used [0x2c750000, 0x371ff1d8, 0x371ff200, 0x37200000)
 compacting perm gen  total 12288K, used 3144K [0x37200000, 0x37e00000, 0x3b200000)
   the space 12288K,  25% used [0x37200000, 0x375122c8, 0x37512400, 0x37e00000)
    ro space 10240K,  42% used [0x3b200000, 0x3b634e48, 0x3b635000, 0x3bc00000)
    rw space 12288K,  51% used [0x3bc00000, 0x3c23aac0, 0x3c23ac00, 0x3c800000)
}
Event: 671.660 GC heap before
{Heap before GC invocations=388 (full 44):
 def new generation   total 78656K, used 78656K [0x27200000, 0x2c750000, 0x2c750000)
  eden space 69952K, 100% used [0x27200000, 0x2b650000, 0x2b650000)
  from space 8704K, 100% used [0x2b650000, 0x2bed0000, 0x2bed0000)
  to   space 8704K,   0% used [0x2bed0000, 0x2bed0000, 0x2c750000)
 tenured generation   total 174784K, used 174783K [0x2c750000, 0x37200000, 0x37200000)
   the space 174784K,  99% used [0x2c750000, 0x371fff90, 0x37200000, 0x37200000)
 compacting perm gen  total 12288K, used 3144K [0x37200000, 0x37e00000, 0x3b200000)
   the space 12288K,  25% used [0x37200000, 0x375122c8, 0x37512400, 0x37e00000)
    ro space 10240K,  42% used [0x3b200000, 0x3b634e48, 0x3b635000, 0x3bc00000)
    rw space 12288K,  51% used [0x3bc00000, 0x3c23aac0, 0x3c23ac00, 0x3c800000)
Event: 674.904 GC heap after
Heap after GC invocations=389 (full 45):
 def new generation   total 78656K, used 36538K [0x27200000, 0x2c750000, 0x2c750000)
  eden space 69952K,  52% used [0x27200000, 0x295aea78, 0x2b650000)
  from space 8704K,   0% used [0x2b650000, 0x2b650000, 0x2bed0000)
  to   space 8704K,   0% used [0x2bed0000, 0x2bed0000, 0x2c750000)
 tenured generation   total 174784K, used 174783K [0x2c750000, 0x37200000, 0x37200000)
   the space 174784K,  99% used [0x2c750000, 0x371fff90, 0x37200000, 0x37200000)
 compacting perm gen  total 12288K, used 3144K [0x37200000, 0x37e00000, 0x3b200000)
   the space 12288K,  25% used [0x37200000, 0x375122c8, 0x37512400, 0x37e00000)
    ro space 10240K,  42% used [0x3b200000, 0x3b634e48, 0x3b635000, 0x3bc00000)
    rw space 12288K,  51% used [0x3bc00000, 0x3c23aac0, 0x3c23ac00, 0x3c800000)
}
Event: 677.303 GC heap before
{Heap before GC invocations=389 (full 45):
 def new generation   total 78656K, used 78655K [0x27200000, 0x2c750000, 0x2c750000)
  eden space 69952K, 100% used [0x27200000, 0x2b650000, 0x2b650000)
  from space 8704K,  99% used [0x2b650000, 0x2becfff0, 0x2bed0000)
  to   space 8704K,   0% used [0x2bed0000, 0x2bed0000, 0x2c750000)
 tenured generation   total 174784K, used 174783K [0x2c750000, 0x37200000, 0x37200000)
   the space 174784K,  99% used [0x2c750000, 0x371fffc0, 0x37200000, 0x37200000)
 compacting perm gen  total 12288K, used 3144K [0x37200000, 0x37e00000, 0x3b200000)
   the space 12288K,  25% used [0x37200000, 0x375122c8, 0x37512400, 0x37e00000)
    ro space 10240K,  42% used [0x3b200000, 0x3b634e48, 0x3b635000, 0x3bc00000)
    rw space 12288K,  51% used [0x3bc00000, 0x3c23aac0, 0x3c23ac00, 0x3c800000)
Event: 680.736 GC heap after
Heap after GC invocations=390 (full 46):
 def new generation   total 78656K, used 37274K [0x27200000, 0x2c750000, 0x2c750000)
  eden space 69952K,  53% used [0x27200000, 0x29666b38, 0x2b650000)
  from space 8704K,   0% used [0x2b650000, 0x2b650000, 0x2bed0000)
  to   space 8704K,   0% used [0x2bed0000, 0x2bed0000, 0x2c750000)
 tenured generation   total 174784K, used 174783K [0x2c750000, 0x37200000, 0x37200000)
   the space 174784K,  99% used [0x2c750000, 0x371fffc0, 0x37200000, 0x37200000)
 compacting perm gen  total 12288K, used 3144K [0x37200000, 0x37e00000, 0x3b200000)
   the space 12288K,  25% used [0x37200000, 0x375122c8, 0x37512400, 0x37e00000)
    ro space 10240K,  42% used [0x3b200000, 0x3b634e48, 0x3b635000, 0x3bc00000)
    rw space 12288K,  51% used [0x3bc00000, 0x3c23aac0, 0x3c23ac00, 0x3c800000)
}
Event: 682.939 GC heap before
{Heap before GC invocations=390 (full 46):
 def new generation   total 78656K, used 78656K [0x27200000, 0x2c750000, 0x2c750000)
  eden space 69952K, 100% used [0x27200000, 0x2b650000, 0x2b650000)
  from space 8704K, 100% used [0x2b650000, 0x2bed0000, 0x2bed0000)
  to   space 8704K,   0% used [0x2bed0000, 0x2bed0000, 0x2c750000)
 tenured generation   total 174784K, used 174783K [0x2c750000, 0x37200000, 0x37200000)
   the space 174784K,  99% used [0x2c750000, 0x371ffff0, 0x37200000, 0x37200000)
 compacting perm gen  total 12288K, used 3144K [0x37200000, 0x37e00000, 0x3b200000)
   the space 12288K,  25% used [0x37200000, 0x375122c8, 0x37512400, 0x37e00000)
    ro space 10240K,  42% used [0x3b200000, 0x3b634e48, 0x3b635000, 0x3bc00000)
    rw space 12288K,  51% used [0x3bc00000, 0x3c23aac0, 0x3c23ac00, 0x3c800000)
Event: 686.252 GC heap after
Heap after GC invocations=391 (full 47):
 def new generation   total 78656K, used 37981K [0x27200000, 0x2c750000, 0x2c750000)
  eden space 69952K,  54% used [0x27200000, 0x29717790, 0x2b650000)
  from space 8704K,   0% used [0x2b650000, 0x2b650000, 0x2bed0000)
  to   space 8704K,   0% used [0x2bed0000, 0x2bed0000, 0x2c750000)
 tenured generation   total 174784K, used 174783K [0x2c750000, 0x37200000, 0x37200000)
   the space 174784K,  99% used [0x2c750000, 0x371ffff0, 0x37200000, 0x37200000)
 compacting perm gen  total 12288K, used 3144K [0x37200000, 0x37e00000, 0x3b200000)
   the space 12288K,  25% used [0x37200000, 0x375122c8, 0x37512400, 0x37e00000)
    ro space 10240K,  42% used [0x3b200000, 0x3b634e48, 0x3b635000, 0x3bc00000)
    rw space 12288K,  51% used [0x3bc00000, 0x3c23aac0, 0x3c23ac00, 0x3c800000)
}
Event: 688.257 GC heap before
{Heap before GC invocations=391 (full 47):
 def new generation   total 78656K, used 78656K [0x27200000, 0x2c750000, 0x2c750000)
  eden space 69952K, 100% used [0x27200000, 0x2b650000, 0x2b650000)
  from space 8704K, 100% used [0x2b650000, 0x2bed0000, 0x2bed0000)
  to   space 8704K,   0% used [0x2bed0000, 0x2bed0000, 0x2c750000)
 tenured generation   total 174784K, used 174783K [0x2c750000, 0x37200000, 0x37200000)
   the space 174784K,  99% used [0x2c750000, 0x371ffff0, 0x37200000, 0x37200000)
 compacting perm gen  total 12288K, used 3144K [0x37200000, 0x37e00000, 0x3b200000)
   the space 12288K,  25% used [0x37200000, 0x375122c8, 0x37512400, 0x37e00000)
    ro space 10240K,  42% used [0x3b200000, 0x3b634e48, 0x3b635000, 0x3bc00000)
    rw space 12288K,  51% used [0x3bc00000, 0x3c23aac0, 0x3c23ac00, 0x3c800000)
Event: 692.259 GC heap after
Heap after GC invocations=392 (full 48):
 def new generation   total 78656K, used 38618K [0x27200000, 0x2c750000, 0x2c750000)
  eden space 69952K,  55% used [0x27200000, 0x297b69b0, 0x2b650000)
  from space 8704K,   0% used [0x2b650000, 0x2b650000, 0x2bed0000)
  to   space 8704K,   0% used [0x2bed0000, 0x2bed0000, 0x2c750000)
 tenured generation   total 174784K, used 174783K [0x2c750000, 0x37200000, 0x37200000)
   the space 174784K,  99% used [0x2c750000, 0x371fffe0, 0x37200000, 0x37200000)
 compacting perm gen  total 12288K, used 3144K [0x37200000, 0x37e00000, 0x3b200000)
   the space 12288K,  25% used [0x37200000, 0x375122c8, 0x37512400, 0x37e00000)
    ro space 10240K,  42% used [0x3b200000, 0x3b634e48, 0x3b635000, 0x3bc00000)
    rw space 12288K,  51% used [0x3bc00000, 0x3c23aac0, 0x3c23ac00, 0x3c800000)
}
Event: 694.176 GC heap before
{Heap before GC invocations=392 (full 48):
 def new generation   total 78656K, used 78655K [0x27200000, 0x2c750000, 0x2c750000)
  eden space 69952K, 100% used [0x27200000, 0x2b650000, 0x2b650000)
  from space 8704K,  99% used [0x2b650000, 0x2becff08, 0x2bed0000)
  to   space 8704K,   0% used [0x2bed0000, 0x2bed0000, 0x2c750000)
 tenured generation   total 174784K, used 174783K [0x2c750000, 0x37200000, 0x37200000)
   the space 174784K,  99% used [0x2c750000, 0x371fffe0, 0x37200000, 0x37200000)
 compacting perm gen  total 12288K, used 3144K [0x37200000, 0x37e00000, 0x3b200000)
   the space 12288K,  25% used [0x37200000, 0x375122c8, 0x37512400, 0x37e00000)
    ro space 10240K,  42% used [0x3b200000, 0x3b634e48, 0x3b635000, 0x3bc00000)
    rw space 12288K,  51% used [0x3bc00000, 0x3c23aac0, 0x3c23ac00, 0x3c800000)

