# JRE version: Java(TM) SE Runtime Environment (7.0_71-b14) (build 1.7.0_71-b14)
# Java VM: Java HotSpot(TM) Client VM (24.71-b01 mixed mode, sharing windows-x86 )
Heap
 def new generation   total 78656K, used 74856K [0x27200000, 0x2c750000, 0x2c750000)
  eden space 69952K, 100% used [0x27200000, 0x2b650000, 0x2b650000)
  from space 8704K,  56% used [0x2bed0000, 0x2c39a260, 0x2c750000)
  to   space 8704K,  14% used [0x2b650000, 0x2b78f8a8, 0x2bed0000)
 tenured generation   total 174784K, used 136504K [0x2c750000, 0x37200000, 0x37200000)
   the space 174784K,  78% used [0x2c750000, 0x34c9e180, 0x34c9e200, 0x37200000)
 compacting perm gen  total 12288K, used 3167K [0x37200000, 0x37e00000, 0x3b200000)
   the space 12288K,  25% used [0x37200000, 0x37517e98, 0x37518000, 0x37e00000)
    ro space 10240K,  42% used [0x3b200000, 0x3b634e48, 0x3b635000, 0x3bc00000)
    rw space 12288K,  51% used [0x3bc00000, 0x3c23aac0, 0x3c23ac00, 0x3c800000)
GC Heap History (10 events):
Event: 201.038 GC heap after
Heap after GC invocations=360 (full 6):
 def new generation   total 60032K, used 3821K [0x27200000, 0x2b320000, 0x2c750000)
  eden space 53376K,   0% used [0x27200000, 0x27200000, 0x2a620000)
  from space 6656K,  57% used [0x2aca0000, 0x2b05b708, 0x2b320000)
  to   space 6656K,   0% used [0x2a620000, 0x2a620000, 0x2aca0000)
 tenured generation   total 133296K, used 131245K [0x2c750000, 0x3497c000, 0x37200000)
   the space 133296K,  98% used [0x2c750000, 0x3477b7d0, 0x3477b800, 0x3497c000)
 compacting perm gen  total 12288K, used 3167K [0x37200000, 0x37e00000, 0x3b200000)
   the space 12288K,  25% used [0x37200000, 0x37517e88, 0x37518000, 0x37e00000)
    ro space 10240K,  42% used [0x3b200000, 0x3b634e48, 0x3b635000, 0x3bc00000)
    rw space 12288K,  51% used [0x3bc00000, 0x3c23aac0, 0x3c23ac00, 0x3c800000)
}
Event: 202.086 GC heap before
{Heap before GC invocations=360 (full 6):
 def new generation   total 60032K, used 57197K [0x27200000, 0x2b320000, 0x2c750000)
  eden space 53376K, 100% used [0x27200000, 0x2a620000, 0x2a620000)
  from space 6656K,  57% used [0x2aca0000, 0x2b05b708, 0x2b320000)
  to   space 6656K,   0% used [0x2a620000, 0x2a620000, 0x2aca0000)
 tenured generation   total 133296K, used 131245K [0x2c750000, 0x3497c000, 0x37200000)
   the space 133296K,  98% used [0x2c750000, 0x3477b7d0, 0x3477b800, 0x3497c000)
 compacting perm gen  total 12288K, used 3167K [0x37200000, 0x37e00000, 0x3b200000)
   the space 12288K,  25% used [0x37200000, 0x37517e88, 0x37518000, 0x37e00000)
    ro space 10240K,  42% used [0x3b200000, 0x3b634e48, 0x3b635000, 0x3bc00000)
    rw space 12288K,  51% used [0x3bc00000, 0x3c23aac0, 0x3c23ac00, 0x3c800000)
Event: 202.131 GC heap after
Heap after GC invocations=361 (full 6):
 def new generation   total 60032K, used 3800K [0x27200000, 0x2b320000, 0x2c750000)
  eden space 53376K,   0% used [0x27200000, 0x27200000, 0x2a620000)
  from space 6656K,  57% used [0x2a620000, 0x2a9d6158, 0x2aca0000)
  to   space 6656K,   0% used [0x2aca0000, 0x2aca0000, 0x2b320000)
 tenured generation   total 133296K, used 132193K [0x2c750000, 0x3497c000, 0x37200000)
   the space 133296K,  99% used [0x2c750000, 0x348684a0, 0x34868600, 0x3497c000)
 compacting perm gen  total 12288K, used 3167K [0x37200000, 0x37e00000, 0x3b200000)
   the space 12288K,  25% used [0x37200000, 0x37517e88, 0x37518000, 0x37e00000)
    ro space 10240K,  42% used [0x3b200000, 0x3b634e48, 0x3b635000, 0x3bc00000)
    rw space 12288K,  51% used [0x3bc00000, 0x3c23aac0, 0x3c23ac00, 0x3c800000)
}
Event: 202.851 GC heap before
{Heap before GC invocations=361 (full 6):
 def new generation   total 60032K, used 57176K [0x27200000, 0x2b320000, 0x2c750000)
  eden space 53376K, 100% used [0x27200000, 0x2a620000, 0x2a620000)
  from space 6656K,  57% used [0x2a620000, 0x2a9d6158, 0x2aca0000)
  to   space 6656K,   0% used [0x2aca0000, 0x2aca0000, 0x2b320000)
 tenured generation   total 133296K, used 132193K [0x2c750000, 0x3497c000, 0x37200000)
   the space 133296K,  99% used [0x2c750000, 0x348684a0, 0x34868600, 0x3497c000)
 compacting perm gen  total 12288K, used 3167K [0x37200000, 0x37e00000, 0x3b200000)
   the space 12288K,  25% used [0x37200000, 0x37517e98, 0x37518000, 0x37e00000)
    ro space 10240K,  42% used [0x3b200000, 0x3b634e48, 0x3b635000, 0x3bc00000)
    rw space 12288K,  51% used [0x3bc00000, 0x3c23aac0, 0x3c23ac00, 0x3c800000)
Event: 202.894 GC heap after
Heap after GC invocations=362 (full 6):
 def new generation   total 60032K, used 3826K [0x27200000, 0x2b320000, 0x2c750000)
  eden space 53376K,   0% used [0x27200000, 0x27200000, 0x2a620000)
  from space 6656K,  57% used [0x2aca0000, 0x2b05cac8, 0x2b320000)
  to   space 6656K,   0% used [0x2a620000, 0x2a620000, 0x2aca0000)
 tenured generation   total 133296K, used 133130K [0x2c750000, 0x3497c000, 0x37200000)
   the space 133296K,  99% used [0x2c750000, 0x349528e8, 0x34952a00, 0x3497c000)
 compacting perm gen  total 12288K, used 3167K [0x37200000, 0x37e00000, 0x3b200000)
   the space 12288K,  25% used [0x37200000, 0x37517e98, 0x37518000, 0x37e00000)
    ro space 10240K,  42% used [0x3b200000, 0x3b634e48, 0x3b635000, 0x3bc00000)
    rw space 12288K,  51% used [0x3bc00000, 0x3c23aac0, 0x3c23ac00, 0x3c800000)
}
Event: 203.614 GC heap before
{Heap before GC invocations=362 (full 6):
 def new generation   total 60032K, used 57202K [0x27200000, 0x2b320000, 0x2c750000)
  eden space 53376K, 100% used [0x27200000, 0x2a620000, 0x2a620000)
  from space 6656K,  57% used [0x2aca0000, 0x2b05cac8, 0x2b320000)
  to   space 6656K,   0% used [0x2a620000, 0x2a620000, 0x2aca0000)
 tenured generation   total 133296K, used 133130K [0x2c750000, 0x3497c000, 0x37200000)
   the space 133296K,  99% used [0x2c750000, 0x349528e8, 0x34952a00, 0x3497c000)
 compacting perm gen  total 12288K, used 3167K [0x37200000, 0x37e00000, 0x3b200000)
   the space 12288K,  25% used [0x37200000, 0x37517e98, 0x37518000, 0x37e00000)
    ro space 10240K,  42% used [0x3b200000, 0x3b634e48, 0x3b635000, 0x3bc00000)
    rw space 12288K,  51% used [0x3bc00000, 0x3c23aac0, 0x3c23ac00, 0x3c800000)
Event: 204.508 GC heap after
Heap after GC invocations=363 (full 7):
 def new generation   total 78656K, used 3693K [0x27200000, 0x2c750000, 0x2c750000)
  eden space 69952K,   5% used [0x27200000, 0x2759b438, 0x2b650000)
  from space 8704K,   0% used [0x2b650000, 0x2b650000, 0x2bed0000)
  to   space 8704K,   0% used [0x2bed0000, 0x2bed0000, 0x2c750000)
 tenured generation   total 174784K, used 134191K [0x2c750000, 0x37200000, 0x37200000)
   the space 174784K,  76% used [0x2c750000, 0x34a5bff8, 0x34a5c000, 0x37200000)
 compacting perm gen  total 12288K, used 3167K [0x37200000, 0x37e00000, 0x3b200000)
   the space 12288K,  25% used [0x37200000, 0x37517e98, 0x37518000, 0x37e00000)
    ro space 10240K,  42% used [0x3b200000, 0x3b634e48, 0x3b635000, 0x3bc00000)
    rw space 12288K,  51% used [0x3bc00000, 0x3c23aac0, 0x3c23ac00, 0x3c800000)
}
Event: 205.427 GC heap before
{Heap before GC invocations=363 (full 7):
 def new generation   total 78656K, used 69952K [0x27200000, 0x2c750000, 0x2c750000)
  eden space 69952K, 100% used [0x27200000, 0x2b650000, 0x2b650000)
  from space 8704K,   0% used [0x2b650000, 0x2b650000, 0x2bed0000)
  to   space 8704K,   0% used [0x2bed0000, 0x2bed0000, 0x2c750000)
 tenured generation   total 174784K, used 134191K [0x2c750000, 0x37200000, 0x37200000)
   the space 174784K,  76% used [0x2c750000, 0x34a5bff8, 0x34a5c000, 0x37200000)
 compacting perm gen  total 12288K, used 3167K [0x37200000, 0x37e00000, 0x3b200000)
   the space 12288K,  25% used [0x37200000, 0x37517e98, 0x37518000, 0x37e00000)
    ro space 10240K,  42% used [0x3b200000, 0x3b634e48, 0x3b635000, 0x3bc00000)
    rw space 12288K,  51% used [0x3bc00000, 0x3c23aac0, 0x3c23ac00, 0x3c800000)
Event: 205.588 GC heap after
Heap after GC invocations=364 (full 7):
 def new generation   total 78656K, used 4904K [0x27200000, 0x2c750000, 0x2c750000)
  eden space 69952K,   0% used [0x27200000, 0x27200000, 0x2b650000)
  from space 8704K,  56% used [0x2bed0000, 0x2c39a260, 0x2c750000)
  to   space 8704K,   0% used [0x2b650000, 0x2b650000, 0x2bed0000)
 tenured generation   total 174784K, used 134191K [0x2c750000, 0x37200000, 0x37200000)
   the space 174784K,  76% used [0x2c750000, 0x34a5bff8, 0x34a5c000, 0x37200000)
 compacting perm gen  total 12288K, used 3167K [0x37200000, 0x37e00000, 0x3b200000)
   the space 12288K,  25% used [0x37200000, 0x37517e98, 0x37518000, 0x37e00000)
    ro space 10240K,  42% used [0x3b200000, 0x3b634e48, 0x3b635000, 0x3bc00000)
    rw space 12288K,  51% used [0x3bc00000, 0x3c23aac0, 0x3c23ac00, 0x3c800000)
}
Event: 206.581 GC heap before
{Heap before GC invocations=364 (full 7):
 def new generation   total 78656K, used 74856K [0x27200000, 0x2c750000, 0x2c750000)
  eden space 69952K, 100% used [0x27200000, 0x2b650000, 0x2b650000)
  from space 8704K,  56% used [0x2bed0000, 0x2c39a260, 0x2c750000)
  to   space 8704K,   0% used [0x2b650000, 0x2b650000, 0x2bed0000)
 tenured generation   total 174784K, used 134191K [0x2c750000, 0x37200000, 0x37200000)
   the space 174784K,  76% used [0x2c750000, 0x34a5bff8, 0x34a5c000, 0x37200000)
 compacting perm gen  total 12288K, used 3167K [0x37200000, 0x37e00000, 0x3b200000)
   the space 12288K,  25% used [0x37200000, 0x37517e98, 0x37518000, 0x37e00000)
    ro space 10240K,  42% used [0x3b200000, 0x3b634e48, 0x3b635000, 0x3bc00000)
    rw space 12288K,  51% used [0x3bc00000, 0x3c23aac0, 0x3c23ac00, 0x3c800000)

